[2025-12-17 16:28:55] Бій 1v1 на аренi: Забруднений цех - Пил і пар знижують точність
[2025-12-17 16:28:55] A-Rescue | L1 | HP: 120/120 | E:100/100 | ARM:4 | ACC:0,90 | W:Laser | XP:30 VS S-Longshot | L1 | HP: 85/85 | E:100/100 | ARM:1 | ACC:1,10 | W:Railgun | XP:30
[2025-12-17 16:28:55] A-Rescue атакує S-Longshot на 13 HP (удар)
[2025-12-17 16:28:55] S-Longshot -> A-Rescue: промах
[2025-12-17 16:28:57] A-Rescue -> S-Longshot: промах
[2025-12-17 16:28:58] S-Longshot атакує A-Rescue на 26 HP (влучання)
[2025-12-17 16:28:59] A-Rescue атакує S-Longshot на 13 HP (удар)
[2025-12-17 16:29:00] S-Longshot атакує A-Rescue на 26 HP (влучання)
[2025-12-17 16:29:01] A-Rescue атакує S-Longshot на 19 HP (критичний удар)
[2025-12-17 16:29:02] S-Longshot атакує A-Rescue на 26 HP (влучання)
[2025-12-17 16:29:04] A-Rescue атакує S-Longshot на 13 HP (удар)
[2025-12-17 16:29:04] S-Longshot атакує A-Rescue на 52 HP (влучання у критичну точку)
[2025-12-17 16:29:06] A-Rescue -> S-Longshot: промах
[2025-12-17 16:29:07] S-Longshot атакує A-Rescue на 26 HP (влучання)
[2025-12-17 16:29:08] A-Rescue -> S-Longshot: промах
[2025-12-17 16:29:09] S-Longshot атакує A-Rescue на 26 HP (влучання)
[2025-12-17 16:29:11] A-Rescue -> S-Longshot: промах
[2025-12-17 16:29:11] S-Longshot атакує A-Rescue на 26 HP (влучання)
[2025-12-17 16:29:13] A-Rescue атакує S-Longshot на 13 HP (удар)
[2025-12-17 16:29:14] S-Longshot атакує A-Rescue на 26 HP (влучання)
[2025-12-17 16:29:15] A-Rescue атакує S-Longshot на 13 HP (удар)
[2025-12-17 16:29:16] S-Longshot атакує A-Rescue на 52 HP (влучання у критичну точку)
[2025-12-17 16:29:18] A-Rescue -> S-Longshot: промах
[2025-12-17 16:29:18] S-Longshot атакує A-Rescue на 52 HP (влучання у критичну точку)
[2025-12-17 16:29:20] A-Rescue атакує S-Longshot на 13 HP (удар)
[2025-12-17 16:29:20] Переможець: A-Rescue
RESULT: Переможець: A-Rescue, Раундів: 12
